This file contains any messages produced by compilers while
running configure, to aid debugging if configure makes a mistake.

It was created by configure, which was
generated by GNU Autoconf 2.68.  Invocation command line was

  $ ./configure --prefix=/usr/local/minigui/cross/arm/cortex-m3 --no-create --no-recursion

## --------- ##
## Platform. ##
## --------- ##

hostname = hujiafu-virtual-machine
uname -m = x86_64
uname -r = 3.2.0-90-generic
uname -s = Linux
uname -v = #128-Ubuntu SMP Fri Aug 14 21:43:58 UTC 2015

/usr/bin/uname -p = unknown
/bin/uname -X     = unknown

/bin/arch              = unknown
/usr/bin/arch -k       = unknown
/usr/convex/getsysinfo = unknown
/usr/bin/hostinfo      = unknown
/bin/machine           = unknown
/usr/bin/oslevel       = unknown
/bin/universe          = unknown

PATH: /usr/local/sbin
PATH: /usr/local/bin
PATH: /usr/sbin
PATH: /usr/bin
PATH: /sbin
PATH: /bin
PATH: /usr/games
PATH: /usr/local/arm/gcc-4.4.4-glibc-2.11.1-multilib-1.0/arm-fsl-linux-gnueabi/bin
PATH: /home/hujiafu/uclinux/git_uclinux/lpc1788_uclinux/cortexm_uclinux-master/cross_tools/arm-2010q1-uclinux/bin


## ----------- ##
## Core tests. ##
## ----------- ##

configure:1681: checking whether make sets $(MAKE)
configure:1703: result: yes
configure:1713: checking for font/this_is_svn
configure:1726: result: no
configure:1736: checking for font/fmsong-latin-gb18030-12.upf
configure:1749: result: no
configure:1758: checking for font/fmkai-latin-gb2312-20.upf
configure:1771: result: no
configure:1780: checking for font/fmkai-latin-gb2312-16.upf
configure:1793: result: yes
configure:1857: checking for a BSD-compatible install
configure:1925: result: /usr/bin/install -c
configure:1936: checking whether build environment is sane
configure:1986: result: yes
configure:2127: checking for a thread-safe mkdir -p
configure:2166: result: /bin/mkdir -p
configure:2179: checking for gawk
configure:2195: found /usr/bin/gawk
configure:2206: result: gawk
configure:2667: creating ./config.status

## ---------------- ##
## Cache variables. ##
## ---------------- ##

ac_cv_env_build_alias_set=
ac_cv_env_build_alias_value=
ac_cv_env_host_alias_set=
ac_cv_env_host_alias_value=
ac_cv_env_target_alias_set=
ac_cv_env_target_alias_value=
ac_cv_file_font_fmkai_latin_gb2312_16_upf=yes
ac_cv_file_font_fmkai_latin_gb2312_20_upf=no
ac_cv_file_font_fmsong_latin_gb18030_12_upf=no
ac_cv_file_font_this_is_svn=no
ac_cv_path_install='/usr/bin/install -c'
ac_cv_path_mkdir=/bin/mkdir
ac_cv_prog_AWK=gawk
ac_cv_prog_make_make_set=yes

## ----------------- ##
## Output variables. ##
## ----------------- ##

ACLOCAL='${SHELL} /home/hujiafu/minigui/minigui-res-be-3.0.12_for_uclinux/minigui-res-be-3.0.12/missing --run aclocal-1.11'
AMTAR='$${TAR-tar}'
AUTOCONF='${SHELL} /home/hujiafu/minigui/minigui-res-be-3.0.12_for_uclinux/minigui-res-be-3.0.12/missing --run autoconf'
AUTOHEADER='${SHELL} /home/hujiafu/minigui/minigui-res-be-3.0.12_for_uclinux/minigui-res-be-3.0.12/missing --run autoheader'
AUTOMAKE='${SHELL} /home/hujiafu/minigui/minigui-res-be-3.0.12_for_uclinux/minigui-res-be-3.0.12/missing --run automake-1.11'
AWK='gawk'
CYGPATH_W='echo'
DEFS='-DPACKAGE_NAME=\"\" -DPACKAGE_TARNAME=\"\" -DPACKAGE_VERSION=\"\" -DPACKAGE_STRING=\"\" -DPACKAGE_BUGREPORT=\"\" -DPACKAGE_URL=\"\" -DPACKAGE=\"minigui-res-be\" -DVERSION=\"3.0.12\"'
DEV_FONTS='6x12-iso8859-1.bin 8x16-iso8859-1.bin song-12-gb2312.bin song-16-gb2312.bin Courier-rr-10-15.vbf Courier-rr-8-13.vbf Helvetica-rr-11-12.vbf Helvetica-rr-15-16.vbf Times-rr-10-12.vbf Times-rr-13-15.vbf courier-mr-8.upf courier-mr-10.upf courier-mr-12.upf courier-mr-14.upf courier-mr-18.upf courier-mr-24.upf helvetica-mr-8.upf helvetica-mr-10.upf helvetica-mr-12.upf helvetica-mr-14.upf helvetica-mr-18.upf helvetica-mr-24.upf lucida-mr-8.upf lucida-mr-10.upf lucida-mr-12.upf lucida-mr-14.upf lucida-mr-18.upf lucida-mr-19.upf lucida-mr-24.upf times-mr-8.upf times-mr-10.upf times-mr-12.upf times-mr-14.upf times-mr-18.upf times-mr-24.upf micro_40_50.upf smoothtimes_100_50.upf fmkai-latin-gb2312-12.upf fmkai-latin-gb2312-16.upf fmfsong-latin-gb2312-12.upf fmfsong-latin-gb2312-16.upf fmsong-latin-gbk-12.upf fmsong-latin-gbk-16.upf fmhei-latin-gbk-16.upf unifont_160_50.upf'
ECHO_C=''
ECHO_N='-n'
ECHO_T=''
INSTALL_DATA='${INSTALL} -m 644'
INSTALL_PROGRAM='${INSTALL}'
INSTALL_SCRIPT='${INSTALL}'
INSTALL_STRIP_PROGRAM='$(install_sh) -c -s'
LIBOBJS=''
LIBS=''
LTLIBOBJS=''
MAKEINFO='${SHELL} /home/hujiafu/minigui/minigui-res-be-3.0.12_for_uclinux/minigui-res-be-3.0.12/missing --run makeinfo'
MKDIR_P='/bin/mkdir -p'
PACKAGE='minigui-res-be'
PACKAGE_BUGREPORT=''
PACKAGE_NAME=''
PACKAGE_STRING=''
PACKAGE_TARNAME=''
PACKAGE_URL=''
PACKAGE_VERSION=''
PATH_SEPARATOR=':'
SET_MAKE=''
SHELL='/bin/bash'
STRIP=''
VERSION='3.0.12'
am__isrc=''
am__leading_dot='.'
am__tar='$${TAR-tar} chof - "$$tardir"'
am__untar='$${TAR-tar} xf -'
bindir='${exec_prefix}/bin'
build_alias=''
datadir='${datarootdir}'
datarootdir='${prefix}/share'
docdir='${datarootdir}/doc/${PACKAGE}'
dvidir='${docdir}'
exec_prefix='${prefix}'
host_alias=''
htmldir='${docdir}'
includedir='${prefix}/include'
infodir='${datarootdir}/info'
install_sh='${SHELL} /home/hujiafu/minigui/minigui-res-be-3.0.12_for_uclinux/minigui-res-be-3.0.12/install-sh'
libdir='${exec_prefix}/lib'
libexecdir='${exec_prefix}/libexec'
localedir='${datarootdir}/locale'
localstatedir='${prefix}/var'
mandir='${datarootdir}/man'
mkdir_p='/bin/mkdir -p'
oldincludedir='/usr/include'
pdfdir='${docdir}'
prefix='/usr/local/minigui/cross/arm/cortex-m3'
program_transform_name='s,x,x,'
psdir='${docdir}'
sbindir='${exec_prefix}/sbin'
sharedstatedir='${prefix}/com'
sysconfdir='${prefix}/etc'
target_alias=''

## ----------- ##
## confdefs.h. ##
## ----------- ##

/* confdefs.h */
#define PACKAGE_NAME ""
#define PACKAGE_TARNAME ""
#define PACKAGE_VERSION ""
#define PACKAGE_STRING ""
#define PACKAGE_BUGREPORT ""
#define PACKAGE_URL ""
#define PACKAGE "minigui-res-be"
#define VERSION "3.0.12"

configure: exit 0

## ---------------------- ##
## Running config.status. ##
## ---------------------- ##

This file was extended by config.status, which was
generated by GNU Autoconf 2.68.  Invocation command line was

  CONFIG_FILES    = 
  CONFIG_HEADERS  = 
  CONFIG_LINKS    = 
  CONFIG_COMMANDS = 
  $ ./config.status 

on hujiafu-virtual-machine

config.status:760: creating Makefile
config.status:760: creating bmp/Makefile
config.status:760: creating cursor/Makefile
config.status:760: creating font/Makefile
config.status:760: creating icon/Makefile
